<?xml version="1.0" encoding="utf-8"?><testsuites><testsuite name="pytest" errors="0" failures="1" skipped="0" tests="43" time="0.228" timestamp="2021-01-04T16:45:25.391089" hostname="jjiliu"><testcase classname="testing.test_calc" name="test_a" time="0.002" /><testcase classname="testing.test_calc.TestCalc" name="test_add[int_case]" time="0.001" /><testcase classname="testing.test_calc.TestCalc" name="test_add[bignum_case]" time="0.001" /><testcase classname="testing.test_calc.TestCalc" name="test_add[float case]" time="0.001" /><testcase classname="testing.test_calc.TestCalc" name="test_add[case 4]" time="0.001" /><testcase classname="testing.test_calc.TestCalc" name="test_add[case 5]" time="0.001" /><testcase classname="testing.test_calc.TestCalc" name="test_add[case 6]" time="0.001" /><testcase classname="testing.test_calc.TestCalc" name="test_add_float[0.1-0.3-0.4]" time="0.001" /><testcase classname="testing.test_calc.TestCalc" name="test_add_float[0.1-0.1-0.2]" time="0.001" /><testcase classname="testing.test_calc.TestCalc" name="test_add_float[0.5-0.5-1]" time="0.001" /><testcase classname="testing.test_calc.TestCalc" name="test_sub[sub case 1]" time="0.001" /><testcase classname="testing.test_calc.TestCalc" name="test_sub[sub case 2]" time="0.001" /><testcase classname="testing.test_calc.TestCalc" name="test_sub[sub case 3]" time="0.001" /><testcase classname="testing.test_calc.TestCalc" name="test_sub[sub case 4]" time="0.001" /><testcase classname="testing.test_calc.TestCalc" name="test_sub_float[sub case 1]" time="0.001" /><testcase classname="testing.test_calc.TestCalc" name="test_sub_float[sub case 2]" time="0.001" /><testcase classname="testing.test_calc.TestCalc" name="test_sub_float[sub case 3]" time="0.001" /><testcase classname="testing.test_calc.TestCalc" name="test_mul[mul case 1]" time="0.001" /><testcase classname="testing.test_calc.TestCalc" name="test_mul[mul case 2]" time="0.001" /><testcase classname="testing.test_calc.TestCalc" name="test_mul[mul case 3]" time="0.001" /><testcase classname="testing.test_calc.TestCalc" name="test_mul[mul case 4]" time="0.001" /><testcase classname="testing.test_calc.TestCalc" name="test_mul_float[mul case 1]" time="0.001" /><testcase classname="testing.test_calc.TestCalc" name="test_mul_float[mul case 2]" time="0.001" /><testcase classname="testing.test_calc.TestCalc" name="test_mul_float[mul case 3]" time="0.001" /><testcase classname="testing.test_calc.TestCalc" name="test_mul_float[mul case 4]" time="0.001" /><testcase classname="testing.test_calc.TestCalc" name="test_div[divide case 1]" time="0.001" /><testcase classname="testing.test_calc.TestCalc" name="test_div[divide case 2]" time="0.001" /><testcase classname="testing.test_calc.TestCalc" name="test_div[divide case 3]" time="0.001" /><testcase classname="testing.test_calc.TestCalc" name="test_div[divide case 4]" time="0.001" /><testcase classname="testing.test_calc.TestCalc" name="test_div_zero[divide case 1]" time="0.001" /><testcase classname="testing.test_calc.TestCalc" name="test_div_zero[divide case 2]" time="0.001" /><testcase classname="testing.test_calc.TestCalc" name="test_div_zero[divide case 3]" time="0.001" /><testcase classname="testing.test_calc.TestCalc" name="test_div_zero[divide case 4]" time="0.002" /><testcase classname="testing.test_demo" name="test_answer" time="0.001"><failure message="assert 4 == 5&#10; +  where 4 = inc(3)">def test_answer():
&gt;       assert inc(3) == 5
E       assert 4 == 5
E        +  where 4 = inc(3)

testing\test_demo.py:7: AssertionError</failure></testcase><testcase classname="testing.test_mark" name="test_login1" time="0.001" /><testcase classname="testing.test_mark" name="test_login2" time="0.001" /><testcase classname="testing.test_mark" name="test_search1" time="0.001" /><testcase classname="testing.test_mark" name="test_search2" time="0.001" /><testcase classname="testing.test_setup" name="test_case1" time="0.001" /><testcase classname="testing.test_setup.TestDemo" name="test_demo1" time="0.002" /><testcase classname="testing.test_setup.TestDemo" name="test_demo2" time="0.002" /><testcase classname="testing.test_setup.TestDemo1" name="test_demo1" time="0.002" /><testcase classname="testing.test_setup.TestDemo1" name="test_demo2" time="0.002" /></testsuite></testsuites>