{"name": "test_add[float case]", "status": "failed", "statusDetails": {"message": "AssertionError: assert 0.4 == 0.2", "trace": "self = <testing.test_calc.TestCalc object at 0x0000016E1EC5B820>, get_calc = <pythoncode.calculator.Calculator object at 0x0000016E1E352AC0>, a = 0.3, b = 0.1, expect = 0.2\n\n    @pytest.mark.parametrize('a,b,expect', get_datas('add')[0],\n                             ids=get_datas('add')[1])\n    def test_add(self, get_calc, a, b, expect):\n        # calc = Calculator()\n        # result = self.calc.add(a, b)\n        result = get_calc.add(a, b)\n>       assert result == expect\nE       assert 0.4 == 0.2\n\ntest_calc.py:57: AssertionError"}, "parameters": [{"name": "a", "value": "0.3"}, {"name": "b", "value": "0.1"}, {"name": "expect", "value": "0.2"}], "start": 1609831033365, "stop": 1609831033365, "uuid": "26ddf11d-4748-49e4-b219-3f55cc18a772", "historyId": "a8be36fd3c53ab4bcd63a1c0ac599cef", "testCaseId": "a7b29b08300809261dc069b49da8543b", "fullName": "test_calc.TestCalc#test_add", "labels": [{"name": "suite", "value": "test_calc"}, {"name": "subSuite", "value": "TestCalc"}, {"name": "host", "value": "jjiliu"}, {"name": "thread", "value": "43592-MainThread"}, {"name": "framework", "value": "pytest"}, {"name": "language", "value": "cpython3"}, {"name": "package", "value": "test_calc"}]}